#
# There is insufficient memory for the Java Runtime Environment to continue.
# Native memory allocation (malloc) failed to allocate 32744 bytes for ChunkPool::allocate
# Possible reasons:
#   The system is out of physical RAM or swap space
#   The process is running with CompressedOops enabled, and the Java Heap may be blocking the growth of the native heap
# Possible solutions:
#   Reduce memory load on the system
#   Increase physical memory or swap space
#   Check if swap backing store is full
#   Decrease Java heap size (-Xmx/-Xms)
#   Decrease number of Java threads
#   Decrease Java thread stack sizes (-Xss)
#   Set larger code cache with -XX:ReservedCodeCacheSize=
#   JVM is running with Zero Based Compressed Oops mode in which the Java heap is
#     placed in the first 32GB address space. The Java Heap base address is the
#     maximum limit for the native heap growth. Please use -XX:HeapBaseMinAddress
#     to set the Java Heap base and to place the Java Heap above 32GB virtual address.
# This output file may be truncated or incomplete.
#
#  Out of Memory Error (allocation.cpp:272), pid=12508, tid=0x00000000000007d8
#
# JRE version: Java(TM) SE Runtime Environment (8.0_391) (build 1.8.0_391-b13)
# Java VM: Java HotSpot(TM) 64-Bit Server VM (25.391-b13 mixed mode windows-amd64 compressed oops)
# Failed to write core dump. Minidumps are not enabled by default on client versions of Windows
#

---------------  T H R E A D  ---------------

Current thread (0x000001da3c447000):  JavaThread "C2 CompilerThread1" daemon [_thread_in_native, id=2008, stack(0x000000405bc00000,0x000000405bd00000)]

Stack: [0x000000405bc00000,0x000000405bd00000]
Native frames: (J=compiled Java code, j=interpreted, Vv=VM code, C=native code)
V  [jvm.dll+0x353049]


Current CompileTask:
C2:  12490 3882       4       java.net.URLStreamHandler::parseURL (1193 bytes)


---------------  P R O C E S S  ---------------

Java Threads: ( => current thread )
  0x000001da3ea72800 JavaThread "HikariPool-1 connection adder" daemon [_thread_blocked, id=14808, stack(0x000000405c800000,0x000000405c900000)]
  0x000001da3ea71800 JavaThread "HikariPool-1 housekeeper" daemon [_thread_blocked, id=10372, stack(0x000000405c700000,0x000000405c800000)]
  0x000001da3ea77000 JavaThread "container-0" [_thread_blocked, id=14412, stack(0x000000405c500000,0x000000405c600000)]
  0x000001da3ea76000 JavaThread "Catalina-utility-2" [_thread_blocked, id=2696, stack(0x000000405c400000,0x000000405c500000)]
  0x000001da3ea74800 JavaThread "Catalina-utility-1" [_thread_blocked, id=10040, stack(0x000000405c300000,0x000000405c400000)]
  0x000001da3df2a000 JavaThread "restartedMain" [_thread_in_vm, id=12984, stack(0x000000405c100000,0x000000405c200000)]
  0x000001da3dec3800 JavaThread "Thread-0" [_thread_blocked, id=14132, stack(0x000000405c000000,0x000000405c100000)]
  0x000001da3d5e1000 JavaThread "Service Thread" daemon [_thread_blocked, id=8036, stack(0x000000405be00000,0x000000405bf00000)]
  0x000001da3c49a800 JavaThread "C1 CompilerThread2" daemon [_thread_blocked, id=13800, stack(0x000000405bd00000,0x000000405be00000)]
=>0x000001da3c447000 JavaThread "C2 CompilerThread1" daemon [_thread_in_native, id=2008, stack(0x000000405bc00000,0x000000405bd00000)]
  0x000001da3c445800 JavaThread "C2 CompilerThread0" daemon [_thread_in_native, id=2248, stack(0x000000405bb00000,0x000000405bc00000)]
  0x000001da3c3d5800 JavaThread "JDWP Command Reader" daemon [_thread_in_native, id=4156, stack(0x000000405ba00000,0x000000405bb00000)]
  0x000001da3c3d0800 JavaThread "JDWP Event Helper Thread" daemon [_thread_blocked, id=9780, stack(0x000000405b900000,0x000000405ba00000)]
  0x000001da3c3c3000 JavaThread "JDWP Transport Listener: dt_socket" daemon [_thread_blocked, id=9396, stack(0x000000405b800000,0x000000405b900000)]
  0x000001da3c3bb800 JavaThread "Attach Listener" daemon [_thread_blocked, id=14164, stack(0x000000405b700000,0x000000405b800000)]
  0x000001da3c3ba800 JavaThread "Signal Dispatcher" daemon [_thread_blocked, id=15048, stack(0x000000405b600000,0x000000405b700000)]
  0x000001da3c388800 JavaThread "Finalizer" daemon [_thread_blocked, id=13320, stack(0x000000405b500000,0x000000405b600000)]
  0x000001da3c387000 JavaThread "Reference Handler" daemon [_thread_blocked, id=12348, stack(0x000000405b400000,0x000000405b500000)]
  0x000001da2177b000 JavaThread "main" [_thread_blocked, id=6148, stack(0x000000405ae00000,0x000000405af00000)]

Other Threads:
  0x000001da3c35b800 VMThread [stack: 0x000000405b300000,0x000000405b400000] [id=7452]
  0x000001da3d607000 WatcherThread [stack: 0x000000405bf00000,0x000000405c000000] [id=6652]

VM state:not at safepoint (normal execution)

VM Mutex/Monitor currently owned by a thread: None

heap address: 0x00000006c2000000, size: 4064 MB, Compressed Oops mode: Zero based, Oop shift amount: 3
Narrow klass base: 0x0000000000000000, Narrow klass shift: 3
Compressed class space size: 1073741824 Address: 0x00000007c0000000

Heap:
 PSYoungGen      total 153600K, used 132222K [0x000000076b580000, 0x0000000779600000, 0x00000007c0000000)
  eden space 140288K, 94% used [0x000000076b580000,0x000000077369f950,0x0000000773e80000)
  from space 13312K, 0% used [0x0000000774b00000,0x0000000774b00000,0x0000000775800000)
  to   space 12800K, 0% used [0x0000000773e80000,0x0000000773e80000,0x0000000774b00000)
 ParOldGen       total 104448K, used 12579K [0x00000006c2000000, 0x00000006c8600000, 0x000000076b580000)
  object space 104448K, 12% used [0x00000006c2000000,0x00000006c2c48d58,0x00000006c8600000)
 Metaspace       used 47343K, capacity 49842K, committed 50176K, reserved 1093632K
  class space    used 6352K, capacity 6814K, committed 6912K, reserved 1048576K

Card table byte_map: [0x000001da32520000,0x000001da32d20000] byte_map_base: 0x000001da2ef10000

Marking Bits: (ParMarkBitMap*) 0x00007ff879be6040
 Begin Bits: [0x000001da33270000, 0x000001da371f0000)
 End Bits:   [0x000001da371f0000, 0x000001da3b170000)

Polling page: 0x000001da23130000

CodeCache: size=245760Kb used=13107Kb max_used=13107Kb free=232652Kb
 bounds [0x000001da23160000, 0x000001da23e40000, 0x000001da32160000]
 total_blobs=4063 nmethods=3588 adapters=395
 compilation: enabled

Compilation events (10 events):
Event: 12.320 Thread 0x000001da3c49a800 4004       3       net.bytebuddy.jar.asm.Type::getDescriptor (18 bytes)
Event: 12.321 Thread 0x000001da3c49a800 nmethod 4004 0x000001da23e34a90 code [0x000001da23e34c20, 0x000001da23e35120]
Event: 12.321 Thread 0x000001da3c49a800 4005       1       net.bytebuddy.implementation.bytecode.collection.ArrayFactory::access$000 (5 bytes)
Event: 12.321 Thread 0x000001da3c49a800 nmethod 4005 0x000001da23e35350 code [0x000001da23e354a0, 0x000001da23e35598]
Event: 12.321 Thread 0x000001da3c49a800 4008       1       net.bytebuddy.jar.asm.SymbolTable::getMajorVersion (5 bytes)
Event: 12.321 Thread 0x000001da3c49a800 nmethod 4008 0x000001da23e35610 code [0x000001da23e35760, 0x000001da23e35878]
Event: 12.321 Thread 0x000001da3c49a800 4007       1       net.bytebuddy.implementation.bytecode.member.MethodInvocation::access$000 (5 bytes)
Event: 12.321 Thread 0x000001da3c49a800 nmethod 4007 0x000001da23e358d0 code [0x000001da23e35a20, 0x000001da23e35b18]
Event: 12.322 Thread 0x000001da3c49a800 4009       3       org.hibernate.internal.util.collections.JoinedIterator::updateCurrentIterator (101 bytes)
Event: 12.322 Thread 0x000001da3c49a800 nmethod 4009 0x000001da23e35b90 code [0x000001da23e35d40, 0x000001da23e362f0]

GC Heap History (10 events):
Event: 3.226 GC heap before
{Heap before GC invocations=4 (full 1):
 PSYoungGen      total 75776K, used 6710K [0x000000076b580000, 0x0000000774980000, 0x00000007c0000000)
  eden space 65024K, 0% used [0x000000076b580000,0x000000076b580000,0x000000076f500000)
  from space 10752K, 62% used [0x000000076f500000,0x000000076fb8d968,0x000000076ff80000)
  to   space 10752K, 0% used [0x0000000773f00000,0x0000000773f00000,0x0000000774980000)
 ParOldGen       total 173568K, used 32K [0x00000006c2000000, 0x00000006cc980000, 0x000000076b580000)
  object space 173568K, 0% used [0x00000006c2000000,0x00000006c2008000,0x00000006cc980000)
 Metaspace       used 20355K, capacity 21148K, committed 21296K, reserved 1069056K
  class space    used 2506K, capacity 2677K, committed 2688K, reserved 1048576K
Event: 3.262 GC heap after
Heap after GC invocations=4 (full 1):
 PSYoungGen      total 75776K, used 0K [0x000000076b580000, 0x0000000774980000, 0x00000007c0000000)
  eden space 65024K, 0% used [0x000000076b580000,0x000000076b580000,0x000000076f500000)
  from space 10752K, 0% used [0x000000076f500000,0x000000076f500000,0x000000076ff80000)
  to   space 10752K, 0% used [0x0000000773f00000,0x0000000773f00000,0x0000000774980000)
 ParOldGen       total 104448K, used 6512K [0x00000006c2000000, 0x00000006c8600000, 0x000000076b580000)
  object space 104448K, 6% used [0x00000006c2000000,0x00000006c265c0f8,0x00000006c8600000)
 Metaspace       used 20355K, capacity 21148K, committed 21296K, reserved 1069056K
  class space    used 2506K, capacity 2677K, committed 2688K, reserved 1048576K
}
Event: 4.415 GC heap before
{Heap before GC invocations=5 (full 1):
 PSYoungGen      total 75776K, used 65024K [0x000000076b580000, 0x0000000774980000, 0x00000007c0000000)
  eden space 65024K, 100% used [0x000000076b580000,0x000000076f500000,0x000000076f500000)
  from space 10752K, 0% used [0x000000076f500000,0x000000076f500000,0x000000076ff80000)
  to   space 10752K, 0% used [0x0000000773f00000,0x0000000773f00000,0x0000000774980000)
 ParOldGen       total 104448K, used 6512K [0x00000006c2000000, 0x00000006c8600000, 0x000000076b580000)
  object space 104448K, 6% used [0x00000006c2000000,0x00000006c265c0f8,0x00000006c8600000)
 Metaspace       used 23404K, capacity 24702K, committed 24960K, reserved 1071104K
  class space    used 2920K, capacity 3163K, committed 3200K, reserved 1048576K
Event: 4.424 GC heap after
Heap after GC invocations=5 (full 1):
 PSYoungGen      total 102400K, used 5816K [0x000000076b580000, 0x0000000774500000, 0x00000007c0000000)
  eden space 96256K, 0% used [0x000000076b580000,0x000000076b580000,0x0000000771380000)
  from space 6144K, 94% used [0x0000000773f00000,0x00000007744ae3b8,0x0000000774500000)
  to   space 10752K, 0% used [0x0000000773000000,0x0000000773000000,0x0000000773a80000)
 ParOldGen       total 104448K, used 6520K [0x00000006c2000000, 0x00000006c8600000, 0x000000076b580000)
  object space 104448K, 6% used [0x00000006c2000000,0x00000006c265e0f8,0x00000006c8600000)
 Metaspace       used 23404K, capacity 24702K, committed 24960K, reserved 1071104K
  class space    used 2920K, capacity 3163K, committed 3200K, reserved 1048576K
}
Event: 7.630 GC heap before
{Heap before GC invocations=6 (full 1):
 PSYoungGen      total 102400K, used 102072K [0x000000076b580000, 0x0000000774500000, 0x00000007c0000000)
  eden space 96256K, 100% used [0x000000076b580000,0x0000000771380000,0x0000000771380000)
  from space 6144K, 94% used [0x0000000773f00000,0x00000007744ae3b8,0x0000000774500000)
  to   space 10752K, 0% used [0x0000000773000000,0x0000000773000000,0x0000000773a80000)
 ParOldGen       total 104448K, used 6520K [0x00000006c2000000, 0x00000006c8600000, 0x000000076b580000)
  object space 104448K, 6% used [0x00000006c2000000,0x00000006c265e0f8,0x00000006c8600000)
 Metaspace       used 32243K, capacity 34368K, committed 34432K, reserved 1079296K
  class space    used 4089K, capacity 4446K, committed 4480K, reserved 1048576K
Event: 7.649 GC heap after
Heap after GC invocations=6 (full 1):
 PSYoungGen      total 136192K, used 10732K [0x000000076b580000, 0x0000000775800000, 0x00000007c0000000)
  eden space 125440K, 0% used [0x000000076b580000,0x000000076b580000,0x0000000773000000)
  from space 10752K, 99% used [0x0000000773000000,0x0000000773a7b0b8,0x0000000773a80000)
  to   space 13312K, 0% used [0x0000000774b00000,0x0000000774b00000,0x0000000775800000)
 ParOldGen       total 104448K, used 8327K [0x00000006c2000000, 0x00000006c8600000, 0x000000076b580000)
  object space 104448K, 7% used [0x00000006c2000000,0x00000006c2821f80,0x00000006c8600000)
 Metaspace       used 32243K, capacity 34368K, committed 34432K, reserved 1079296K
  class space    used 4089K, capacity 4446K, committed 4480K, reserved 1048576K
}
Event: 8.705 GC heap before
{Heap before GC invocations=7 (full 1):
 PSYoungGen      total 136192K, used 24581K [0x000000076b580000, 0x0000000775800000, 0x00000007c0000000)
  eden space 125440K, 11% used [0x000000076b580000,0x000000076c3063a0,0x0000000773000000)
  from space 10752K, 99% used [0x0000000773000000,0x0000000773a7b0b8,0x0000000773a80000)
  to   space 13312K, 0% used [0x0000000774b00000,0x0000000774b00000,0x0000000775800000)
 ParOldGen       total 104448K, used 8327K [0x00000006c2000000, 0x00000006c8600000, 0x000000076b580000)
  object space 104448K, 7% used [0x00000006c2000000,0x00000006c2821f80,0x00000006c8600000)
 Metaspace       used 33234K, capacity 35350K, committed 35496K, reserved 1081344K
  class space    used 4248K, capacity 4591K, committed 4608K, reserved 1048576K
Event: 8.757 GC heap after
Heap after GC invocations=7 (full 1):
 PSYoungGen      total 153600K, used 8315K [0x000000076b580000, 0x0000000779600000, 0x00000007c0000000)
  eden space 140288K, 0% used [0x000000076b580000,0x000000076b580000,0x0000000773e80000)
  from space 13312K, 62% used [0x0000000774b00000,0x000000077531efb8,0x0000000775800000)
  to   space 12800K, 0% used [0x0000000773e80000,0x0000000773e80000,0x0000000774b00000)
 ParOldGen       total 104448K, used 8335K [0x00000006c2000000, 0x00000006c8600000, 0x000000076b580000)
  object space 104448K, 7% used [0x00000006c2000000,0x00000006c2823f80,0x00000006c8600000)
 Metaspace       used 33234K, capacity 35350K, committed 35496K, reserved 1081344K
  class space    used 4248K, capacity 4591K, committed 4608K, reserved 1048576K
}
Event: 8.757 GC heap before
{Heap before GC invocations=8 (full 2):
 PSYoungGen      total 153600K, used 8315K [0x000000076b580000, 0x0000000779600000, 0x00000007c0000000)
  eden space 140288K, 0% used [0x000000076b580000,0x000000076b580000,0x0000000773e80000)
  from space 13312K, 62% used [0x0000000774b00000,0x000000077531efb8,0x0000000775800000)
  to   space 12800K, 0% used [0x0000000773e80000,0x0000000773e80000,0x0000000774b00000)
 ParOldGen       total 104448K, used 8335K [0x00000006c2000000, 0x00000006c8600000, 0x000000076b580000)
  object space 104448K, 7% used [0x00000006c2000000,0x00000006c2823f80,0x00000006c8600000)
 Metaspace       used 33234K, capacity 35350K, committed 35496K, reserved 1081344K
  class space    used 4248K, capacity 4591K, committed 4608K, reserved 1048576K
Event: 8.915 GC heap after
Heap after GC invocations=8 (full 2):
 PSYoungGen      total 153600K, used 0K [0x000000076b580000, 0x0000000779600000, 0x00000007c0000000)
  eden space 140288K, 0% used [0x000000076b580000,0x000000076b580000,0x0000000773e80000)
  from space 13312K, 0% used [0x0000000774b00000,0x0000000774b00000,0x0000000775800000)
  to   space 12800K, 0% used [0x0000000773e80000,0x0000000773e80000,0x0000000774b00000)
 ParOldGen       total 104448K, used 12579K [0x00000006c2000000, 0x00000006c8600000, 0x000000076b580000)
  object space 104448K, 12% used [0x00000006c2000000,0x00000006c2c48d58,0x00000006c8600000)
 Metaspace       used 33234K, capacity 35350K, committed 35496K, reserved 1081344K
  class space    used 4248K, capacity 4591K, committed 4608K, reserved 1048576K
}

Deoptimization events (10 events):
Event: 10.501 Thread 0x000001da3df2a000 Uncommon trap: reason=unstable_if action=reinterpret pc=0x000001da237026d8 method=java.util.Properties$LineReader.readLine()I @ 252
Event: 10.506 Thread 0x000001da3df2a000 Uncommon trap: reason=unstable_if action=reinterpret pc=0x000001da23c619dc method=java.util.Properties.load0(Ljava/util/Properties$LineReader;)V @ 33
Event: 10.526 Thread 0x000001da3df2a000 Uncommon trap: reason=unstable_if action=reinterpret pc=0x000001da23d18850 method=java.nio.charset.CharsetEncoder.encode(Ljava/nio/CharBuffer;Ljava/nio/ByteBuffer;Z)Ljava/nio/charset/CoderResult; @ 1
Event: 10.715 Thread 0x000001da3df2a000 Uncommon trap: reason=bimorphic action=maybe_recompile pc=0x000001da23d66a34 method=java.lang.ClassLoader.loadClass(Ljava/lang/String;Z)Ljava/lang/Class; @ 70
Event: 11.374 Thread 0x000001da3df2a000 Uncommon trap: reason=unstable_if action=reinterpret pc=0x000001da236807bc method=com.intellij.rt.debugger.agent.CaptureAgent$CaptureTransformer.transform(Ljava/lang/ClassLoader;Ljava/lang/String;Ljava/lang/Class;Ljava/security/ProtectionDomain;[B)[B @ 36
Event: 11.478 Thread 0x000001da3df2a000 Uncommon trap: reason=unstable_if action=reinterpret pc=0x000001da2364dc44 method=java.lang.Class$MethodArray.addIfNotPresent(Ljava/lang/reflect/Method;)V @ 19
Event: 11.479 Thread 0x000001da3df2a000 Uncommon trap: reason=unstable_if action=reinterpret pc=0x000001da23c65ed8 method=java.lang.Class$MethodArray.addIfNotPresent(Ljava/lang/reflect/Method;)V @ 19
Event: 11.530 Thread 0x000001da3df2a000 Uncommon trap: reason=bimorphic action=maybe_recompile pc=0x000001da238ea3f4 method=java.lang.Throwable.<init>(Ljava/lang/String;Ljava/lang/Throwable;)V @ 24
Event: 11.532 Thread 0x000001da3df2a000 Uncommon trap: reason=bimorphic action=maybe_recompile pc=0x000001da238ea3f4 method=java.lang.Throwable.<init>(Ljava/lang/String;Ljava/lang/Throwable;)V @ 24
Event: 12.108 Thread 0x000001da3df2a000 Uncommon trap: reason=unstable_if action=reinterpret pc=0x000001da23c55230 method=java.util.HashMap$HashIterator.<init>(Ljava/util/HashMap;)V @ 45

Classes redefined (0 events):
No events

Internal exceptions (10 events):
Event: 7.062 Thread 0x000001da3df2a000 Exception <a 'sun/nio/fs/WindowsException'> (0x000000076fe11878) thrown at [C:\jenkins\workspace\8-2-build-windows-x64-cygwin-sans-NAS\jdk8u391\514\hotspot\src\share\vm\prims\jni.cpp, line 710]
Event: 7.304 Thread 0x000001da3df2a000 Exception <a 'java/io/FileNotFoundException'> (0x0000000770a021d8) thrown at [C:\jenkins\workspace\8-2-build-windows-x64-cygwin-sans-NAS\jdk8u391\514\hotspot\src\share\vm\prims\jni.cpp, line 710]
Event: 7.479 Thread 0x000001da3df2a000 Exception <a 'java/lang/NoSuchMethodError': java.lang.Object.lambda$comparingLong$6043328a$1(Ljava/util/function/ToLongFunction;Ljava/lang/Object;Ljava/lang/Object;)I> (0x0000000770ef4438) thrown at [C:\jenkins\workspace\8-2-build-windows-x64-cygwin-sans-
Event: 7.496 Thread 0x000001da3df2a000 Exception <a 'java/io/FileNotFoundException'> (0x0000000770f79430) thrown at [C:\jenkins\workspace\8-2-build-windows-x64-cygwin-sans-NAS\jdk8u391\514\hotspot\src\share\vm\prims\jni.cpp, line 710]
Event: 7.610 Thread 0x000001da3df2a000 Implicit null exception at 0x000001da2358e119 to 0x000001da2358e619
Event: 7.619 Thread 0x000001da3df2a000 Implicit null exception at 0x000001da23d3cf4d to 0x000001da23d3e839
Event: 7.623 Thread 0x000001da3df2a000 Implicit null exception at 0x000001da23d437d9 to 0x000001da23d44b45
Event: 8.653 Thread 0x000001da3df2a000 Implicit null exception at 0x000001da239fb4a7 to 0x000001da239fb71f
Event: 9.292 Thread 0x000001da3df2a000 Exception <a 'java/lang/ClassNotFoundException': java/lang/Module> (0x000000076c2a12b8) thrown at [C:\jenkins\workspace\8-2-build-windows-x64-cygwin-sans-NAS\jdk8u391\514\hotspot\src\share\vm\classfile\systemDictionary.cpp, line 213]
Event: 12.241 Thread 0x000001da3df2a000 Exception <a 'java/lang/ClassNotFoundException': java/lang/Module> (0x00000007733494d8) thrown at [C:\jenkins\workspace\8-2-build-windows-x64-cygwin-sans-NAS\jdk8u391\514\hotspot\src\share\vm\classfile\systemDictionary.cpp, line 213]

Events (10 events):
Event: 12.355 Thread 0x000001da3df2a000 DEOPT PACKING pc=0x000001da238317e0 sp=0x000000405c1fb480
Event: 12.355 Thread 0x000001da3df2a000 DEOPT UNPACKING pc=0x000001da231a7918 sp=0x000000405c1fb170 mode 1
Event: 12.356 loading class org/hibernate/loader/entity/BatchingEntityLoaderBuilder$1
Event: 12.356 loading class org/hibernate/loader/entity/BatchingEntityLoaderBuilder$1 done
Event: 12.356 Thread 0x000001da3df2a000 DEOPT PACKING pc=0x000001da238317e0 sp=0x000000405c1fc2e0
Event: 12.356 Thread 0x000001da3df2a000 DEOPT UNPACKING pc=0x000001da231a7918 sp=0x000000405c1fbfd0 mode 1
Event: 12.357 loading class org/hibernate/loader/entity/plan/EntityLoader
Event: 12.357 loading class org/hibernate/loader/entity/plan/EntityLoader done
Event: 12.358 Thread 0x000001da3df2a000 DEOPT PACKING pc=0x000001da238317e0 sp=0x000000405c1fc260
Event: 12.358 Thread 0x000001da3df2a000 DEOPT UNPACKING pc=0x000001da231a7918 sp=0x000000405c1fbf50 mode 1


Dynamic libraries:
0x00007ff65e7f0000 - 0x00007ff65e83a000 	C:\Program Files\Java\jdk-1.8\bin\java.exe
0x00007ff8b5650000 - 0x00007ff8b5847000 	C:\WINDOWS\SYSTEM32\ntdll.dll
0x00007ff8b36b0000 - 0x00007ff8b376d000 	C:\WINDOWS\System32\KERNEL32.DLL
0x00007ff8b3300000 - 0x00007ff8b35f6000 	C:\WINDOWS\System32\KERNELBASE.dll
0x00007ff8b3a40000 - 0x00007ff8b3aee000 	C:\WINDOWS\System32\ADVAPI32.dll
0x00007ff8b51f0000 - 0x00007ff8b528e000 	C:\WINDOWS\System32\msvcrt.dll
0x00007ff8b3b20000 - 0x00007ff8b3bbc000 	C:\WINDOWS\System32\sechost.dll
0x00007ff8b4580000 - 0x00007ff8b46a6000 	C:\WINDOWS\System32\RPCRT4.dll
0x00007ff8b52c0000 - 0x00007ff8b545e000 	C:\WINDOWS\System32\USER32.dll
0x00007ff8b2f30000 - 0x00007ff8b2f52000 	C:\WINDOWS\System32\win32u.dll
0x00007ff8b3af0000 - 0x00007ff8b3b1c000 	C:\WINDOWS\System32\GDI32.dll
0x00007ff8b30f0000 - 0x00007ff8b320a000 	C:\WINDOWS\System32\gdi32full.dll
0x00007ff8b3210000 - 0x00007ff8b32ad000 	C:\WINDOWS\System32\msvcp_win.dll
0x00007ff8b2da0000 - 0x00007ff8b2ea0000 	C:\WINDOWS\System32\ucrtbase.dll
0x00007ff89bed0000 - 0x00007ff89c16a000 	C:\WINDOWS\WinSxS\amd64_microsoft.windows.common-controls_6595b64144ccf1df_6.0.19041.3570_none_60bb2a3971f3e41a\COMCTL32.dll
0x00007ff8b5290000 - 0x00007ff8b52c0000 	C:\WINDOWS\System32\IMM32.DLL
0x00007ff8ac910000 - 0x00007ff8ac92b000 	C:\Program Files\Java\jdk-1.8\jre\bin\vcruntime140.dll
0x00007ff8aca60000 - 0x00007ff8aca6c000 	C:\Program Files\Java\jdk-1.8\jre\bin\vcruntime140_1.dll
0x00007ff8ac210000 - 0x00007ff8ac29e000 	C:\Program Files\Java\jdk-1.8\jre\bin\msvcp140.dll
0x00007ff8793b0000 - 0x00007ff879c60000 	C:\Program Files\Java\jdk-1.8\jre\bin\server\jvm.dll
0x00007ff8b3a30000 - 0x00007ff8b3a38000 	C:\WINDOWS\System32\PSAPI.DLL
0x00007ff898c00000 - 0x00007ff898c09000 	C:\WINDOWS\SYSTEM32\WSOCK32.dll
0x00007ff8b55a0000 - 0x00007ff8b560b000 	C:\WINDOWS\System32\WS2_32.dll
0x00007ff89f490000 - 0x00007ff89f4b7000 	C:\WINDOWS\SYSTEM32\WINMM.dll
0x00007ff8a3f70000 - 0x00007ff8a3f7a000 	C:\WINDOWS\SYSTEM32\VERSION.dll
0x00007ff8b1590000 - 0x00007ff8b15a2000 	C:\WINDOWS\SYSTEM32\kernel.appcore.dll
0x00007ff8ac4c0000 - 0x00007ff8ac4d0000 	C:\Program Files\Java\jdk-1.8\jre\bin\verify.dll
0x00007ff8ac380000 - 0x00007ff8ac3ab000 	C:\Program Files\Java\jdk-1.8\jre\bin\java.dll
0x00007ff8ac3d0000 - 0x00007ff8ac406000 	C:\Program Files\Java\jdk-1.8\jre\bin\jdwp.dll
0x00007ff8ac4b0000 - 0x00007ff8ac4b9000 	C:\Program Files\Java\jdk-1.8\jre\bin\npt.dll
0x00007ff8ac2e0000 - 0x00007ff8ac314000 	C:\Program Files\Java\jdk-1.8\jre\bin\instrument.dll
0x00007ff8ac2c0000 - 0x00007ff8ac2d8000 	C:\Program Files\Java\jdk-1.8\jre\bin\zip.dll
0x00007ff8b4aa0000 - 0x00007ff8b51e4000 	C:\WINDOWS\System32\SHELL32.dll
0x00007ff8b09c0000 - 0x00007ff8b115b000 	C:\WINDOWS\SYSTEM32\windows.storage.dll
0x00007ff8b46c0000 - 0x00007ff8b4a14000 	C:\WINDOWS\System32\combase.dll
0x00007ff8b26a0000 - 0x00007ff8b26cd000 	C:\WINDOWS\SYSTEM32\Wldp.dll
0x00007ff8b4460000 - 0x00007ff8b450d000 	C:\WINDOWS\System32\SHCORE.dll
0x00007ff8b4520000 - 0x00007ff8b4575000 	C:\WINDOWS\System32\shlwapi.dll
0x00007ff8b2c60000 - 0x00007ff8b2c85000 	C:\WINDOWS\SYSTEM32\profapi.dll
0x00007ff8ac440000 - 0x00007ff8ac44a000 	C:\Program Files\Java\jdk-1.8\jre\bin\dt_socket.dll
0x00007ff8b2400000 - 0x00007ff8b246a000 	C:\WINDOWS\system32\mswsock.dll
0x00007ff8ac430000 - 0x00007ff8ac43d000 	C:\Program Files\Java\jdk-1.8\jre\bin\management.dll
0x00007ff8ab0e0000 - 0x00007ff8ab0fc000 	C:\Program Files\Java\jdk-1.8\jre\bin\net.dll
0x00007ff88fb20000 - 0x00007ff88fb37000 	C:\WINDOWS\system32\napinsp.dll
0x00007ff88fb00000 - 0x00007ff88fb1b000 	C:\WINDOWS\system32\pnrpnsp.dll
0x00007ff8ad180000 - 0x00007ff8ad195000 	C:\WINDOWS\system32\wshbth.dll
0x00007ff8adc10000 - 0x00007ff8adc2d000 	C:\WINDOWS\system32\NLAapi.dll
0x00007ff8b20f0000 - 0x00007ff8b212b000 	C:\WINDOWS\SYSTEM32\IPHLPAPI.DLL
0x00007ff8b2130000 - 0x00007ff8b21fa000 	C:\WINDOWS\SYSTEM32\DNSAPI.dll
0x00007ff8b46b0000 - 0x00007ff8b46b8000 	C:\WINDOWS\System32\NSI.dll
0x00007ff88fae0000 - 0x00007ff88faf2000 	C:\WINDOWS\System32\winrnr.dll
0x00007ff8a9230000 - 0x00007ff8a923a000 	C:\Windows\System32\rasadhlp.dll
0x00007ff8a6040000 - 0x00007ff8a60c2000 	C:\WINDOWS\System32\fwpuclnt.dll
0x00007ff8b30c0000 - 0x00007ff8b30e7000 	C:\WINDOWS\System32\bcrypt.dll
0x00007ff8ab0a0000 - 0x00007ff8ab0b3000 	C:\Program Files\Java\jdk-1.8\jre\bin\nio.dll
0x00007ff8b25f0000 - 0x00007ff8b2608000 	C:\WINDOWS\SYSTEM32\CRYPTSP.dll
0x00007ff8b1d10000 - 0x00007ff8b1d44000 	C:\WINDOWS\system32\rsaenh.dll
0x00007ff8b2c20000 - 0x00007ff8b2c4e000 	C:\WINDOWS\SYSTEM32\USERENV.dll
0x00007ff8b2ea0000 - 0x00007ff8b2f22000 	C:\WINDOWS\System32\bcryptprimitives.dll
0x00007ff8b2610000 - 0x00007ff8b261c000 	C:\WINDOWS\SYSTEM32\CRYPTBASE.dll
0x00007ff8a6e50000 - 0x00007ff8a6e67000 	C:\WINDOWS\SYSTEM32\dhcpcsvc6.DLL
0x00007ff8a7140000 - 0x00007ff8a715d000 	C:\WINDOWS\SYSTEM32\dhcpcsvc.DLL
0x00007ff8aaf10000 - 0x00007ff8aaf35000 	C:\Program Files\Java\jdk-1.8\jre\bin\sunec.dll
0x00007ff8ab430000 - 0x00007ff8ab43d000 	C:\Program Files\Java\jdk-1.8\jre\bin\sunmscapi.dll
0x00007ff8b2f60000 - 0x00007ff8b30bd000 	C:\WINDOWS\System32\CRYPT32.dll
0x00007ff8b2710000 - 0x00007ff8b2737000 	C:\WINDOWS\SYSTEM32\ncrypt.dll
0x00007ff8b26d0000 - 0x00007ff8b270b000 	C:\WINDOWS\SYSTEM32\NTASN1.dll

VM Arguments:
jvm_args: -agentlib:jdwp=transport=dt_socket,address=127.0.0.1:51014,suspend=y,server=n -javaagent:C:\Users\HARDWI~1\AppData\Local\Temp\captureAgent3316jars\debugger-agent.jar -Dfile.encoding=UTF-8 
java_command: com.ecom_order_service.EcomOrderServiceApplication
java_class_path (initial): C:\Program Files\Java\jdk-1.8\jre\lib\charsets.jar;C:\Program Files\Java\jdk-1.8\jre\lib\deploy.jar;C:\Program Files\Java\jdk-1.8\jre\lib\ext\access-bridge-64.jar;C:\Program Files\Java\jdk-1.8\jre\lib\ext\cldrdata.jar;C:\Program Files\Java\jdk-1.8\jre\lib\ext\dnsns.jar;C:\Program Files\Java\jdk-1.8\jre\lib\ext\jaccess.jar;C:\Program Files\Java\jdk-1.8\jre\lib\ext\jfxrt.jar;C:\Program Files\Java\jdk-1.8\jre\lib\ext\localedata.jar;C:\Program Files\Java\jdk-1.8\jre\lib\ext\nashorn.jar;C:\Program Files\Java\jdk-1.8\jre\lib\ext\sunec.jar;C:\Program Files\Java\jdk-1.8\jre\lib\ext\sunjce_provider.jar;C:\Program Files\Java\jdk-1.8\jre\lib\ext\sunmscapi.jar;C:\Program Files\Java\jdk-1.8\jre\lib\ext\sunpkcs11.jar;C:\Program Files\Java\jdk-1.8\jre\lib\ext\zipfs.jar;C:\Program Files\Java\jdk-1.8\jre\lib\javaws.jar;C:\Program Files\Java\jdk-1.8\jre\lib\jce.jar;C:\Program Files\Java\jdk-1.8\jre\lib\jfr.jar;C:\Program Files\Java\jdk-1.8\jre\lib\jfxswt.jar;C:\Program Files\Java\jdk-1.8\jre\lib\jsse.jar;C:\Program Files\Java\jdk-1.8\jre\lib\management-agent.jar;C:\Program Files\Java\jdk-1.8\jre\lib\plugin.jar;C:\Program Files\Java\jdk-1.8\jre\lib\resources.jar;C:\Program Files\Java\jdk-1.8\jre\lib\rt.jar;C:\Users\Hardwin Software\Documents\Ecomm_app\ecom-order-service\target\classes;C:\Users\Hardwin Software\.m2\repository\org\springframework\boot\spring-boot-starter-data-jpa\2.7.17\spring-boot-starter-data-jpa-2.7.17.jar;C:\Users\Hardwin Software\.m2\repository\org\springframework\boot\spring-boot-starter-aop\2.7.17\spring-boot-starter-aop-2.7.17.jar;C:\Users\Hardwin Software\.m2\repository\org\springframework\spring-aop\5.3.30\spring-aop-5.3.30.jar;C:\Users\Hardwin Software\.m2\repository\org\aspectj\aspectjweaver\1.9.7\aspectjweaver-1.9.7.jar;C:\Users\Hardwin Software\.m2\repository\org\springframework\boot\spring-boot-starter-jdbc\2.7.17\spring-boot-starter-jdbc-2.7.17.jar;C:\Users\Hardwin Software\.m2\repository\com\zaxxer\HikariCP\4.0.3\HikariCP-4.
Launcher Type: SUN_STANDARD

Environment Variables:
JAVA_HOME=C:\Program Files\Java\jdk-1.8
PATH=C:\Program Files (x86)\Common Files\Oracle\Java\javapath;C:\Program Files\OpenLogic\jdk-8.0.392.08-hotspot\bin;C:\WINDOWS\system32;C:\WINDOWS;C:\WINDOWS\System32\Wbem;C:\WINDOWS\System32\WindowsPowerShell\v1.0\;C:\WINDOWS\System32\OpenSSH\;C:\Program Files\Git\cmd;C:\Program Files\apache-maven-3.9.5\bin;C:\Users\Hardwin Software\AppData\Local\Microsoft\WindowsApps;
USERNAME=Hardwin Software
OS=Windows_NT
PROCESSOR_IDENTIFIER=Intel64 Family 6 Model 78 Stepping 3, GenuineIntel



---------------  S Y S T E M  ---------------

OS: Windows 10 , 64 bit Build 19041 (10.0.19041.3570)

CPU:total 4 (initial active 4) (2 cores per cpu, 2 threads per core) family 6 model 78 stepping 3, cmov, cx8, fxsr, mmx, sse, sse2, sse3, ssse3, sse4.1, sse4.2, popcnt, avx, avx2, aes, clmul, erms, 3dnowpref, lzcnt, ht, tsc, tscinvbit, bmi1, bmi2, adx

Memory: 4k page, physical 16638540k(5937812k free), swap 32453320k(5180k free)

vm_info: Java HotSpot(TM) 64-Bit Server VM (25.391-b13) for windows-amd64 JRE (1.8.0_391-b13), built on Oct  4 2023 07:54:08 by "java_re" with MS VC++ 17.1 (VS2022)

time: Tue Nov 14 12:04:19 2023
timezone: India Standard Time
elapsed time: 12.504641 seconds (0d 0h 0m 12s)

