#
# There is insufficient memory for the Java Runtime Environment to continue.
# Native memory allocation (malloc) failed to allocate 2732032 bytes for Chunk::new
# Possible reasons:
#   The system is out of physical RAM or swap space
#   The process is running with CompressedOops enabled, and the Java Heap may be blocking the growth of the native heap
# Possible solutions:
#   Reduce memory load on the system
#   Increase physical memory or swap space
#   Check if swap backing store is full
#   Decrease Java heap size (-Xmx/-Xms)
#   Decrease number of Java threads
#   Decrease Java thread stack sizes (-Xss)
#   Set larger code cache with -XX:ReservedCodeCacheSize=
#   JVM is running with Zero Based Compressed Oops mode in which the Java heap is
#     placed in the first 32GB address space. The Java Heap base address is the
#     maximum limit for the native heap growth. Please use -XX:HeapBaseMinAddress
#     to set the Java Heap base and to place the Java Heap above 32GB virtual address.
# This output file may be truncated or incomplete.
#
#  Out of Memory Error (allocation.cpp:389), pid=11724, tid=0x0000000000001bcc
#
# JRE version: Java(TM) SE Runtime Environment (8.0_391) (build 1.8.0_391-b13)
# Java VM: Java HotSpot(TM) 64-Bit Server VM (25.391-b13 mixed mode windows-amd64 compressed oops)
# Failed to write core dump. Minidumps are not enabled by default on client versions of Windows
#

---------------  T H R E A D  ---------------

Current thread (0x000001604a65c800):  JavaThread "C2 CompilerThread1" daemon [_thread_in_native, id=7116, stack(0x0000001194100000,0x0000001194200000)]

Stack: [0x0000001194100000,0x0000001194200000]
Native frames: (J=compiled Java code, j=interpreted, Vv=VM code, C=native code)
V  [jvm.dll+0x353049]
V  [jvm.dll+0x290062]
V  [jvm.dll+0x290c2d]
V  [jvm.dll+0x285265]
V  [jvm.dll+0xdb9bc]
V  [jvm.dll+0xdc1cc]
V  [jvm.dll+0x49d08c]
V  [jvm.dll+0x460823]
V  [jvm.dll+0x46993f]
V  [jvm.dll+0x468d39]
V  [jvm.dll+0x452a6b]
V  [jvm.dll+0xb0766]
V  [jvm.dll+0xaee3f]
V  [jvm.dll+0x251612]
V  [jvm.dll+0x2accfc]
C  [ucrtbase.dll+0x21bb2]
C  [KERNEL32.DLL+0x17344]
C  [ntdll.dll+0x526b1]


Current CompileTask:
C2:   5153 2230   !   4       java.net.URLClassLoader$1::run (81 bytes)


---------------  P R O C E S S  ---------------

Java Threads: ( => current thread )
  0x000001604c64c000 JavaThread "restartedMain" [_thread_in_native, id=14820, stack(0x0000001194600000,0x0000001194700000)]
  0x000001604c20c000 JavaThread "Thread-0" [_thread_blocked, id=4312, stack(0x0000001194500000,0x0000001194600000)]
  0x000001604b810800 JavaThread "Service Thread" daemon [_thread_blocked, id=1792, stack(0x0000001194300000,0x0000001194400000)]
  0x000001604a663000 JavaThread "C1 CompilerThread2" daemon [_thread_blocked, id=13052, stack(0x0000001194200000,0x0000001194300000)]
=>0x000001604a65c800 JavaThread "C2 CompilerThread1" daemon [_thread_in_native, id=7116, stack(0x0000001194100000,0x0000001194200000)]
  0x000001604a601800 JavaThread "C2 CompilerThread0" daemon [_thread_in_native, id=13088, stack(0x0000001194000000,0x0000001194100000)]
  0x000001604a5f1000 JavaThread "JDWP Command Reader" daemon [_thread_in_native, id=13592, stack(0x0000001193f00000,0x0000001194000000)]
  0x000001604a5ef800 JavaThread "JDWP Event Helper Thread" daemon [_thread_blocked, id=13528, stack(0x0000001193e00000,0x0000001193f00000)]
  0x000001604a5e2800 JavaThread "JDWP Transport Listener: dt_socket" daemon [_thread_blocked, id=8056, stack(0x0000001193d00000,0x0000001193e00000)]
  0x000001604a5d5800 JavaThread "Attach Listener" daemon [_thread_blocked, id=9664, stack(0x0000001193c00000,0x0000001193d00000)]
  0x000001604a5d5000 JavaThread "Signal Dispatcher" daemon [_thread_blocked, id=13172, stack(0x0000001193b00000,0x0000001193c00000)]
  0x000001604a5af800 JavaThread "Finalizer" daemon [_thread_blocked, id=13972, stack(0x0000001193a00000,0x0000001193b00000)]
  0x000001604a5a8000 JavaThread "Reference Handler" daemon [_thread_blocked, id=14084, stack(0x0000001193900000,0x0000001193a00000)]
  0x000001602f9fb000 JavaThread "main" [_thread_blocked, id=11888, stack(0x0000001193300000,0x0000001193400000)]

Other Threads:
  0x000001604a579000 VMThread [stack: 0x0000001193800000,0x0000001193900000] [id=4600]
  0x000001604b836000 WatcherThread [stack: 0x0000001194400000,0x0000001194500000] [id=14392]

VM state:not at safepoint (normal execution)

VM Mutex/Monitor currently owned by a thread: None

heap address: 0x00000006c2000000, size: 4064 MB, Compressed Oops mode: Zero based, Oop shift amount: 3
Narrow klass base: 0x0000000000000000, Narrow klass shift: 3
Compressed class space size: 1073741824 Address: 0x00000007c0000000

Heap:
 PSYoungGen      total 102400K, used 21000K [0x000000076b580000, 0x0000000774500000, 0x00000007c0000000)
  eden space 96256K, 15% used [0x000000076b580000,0x000000076c44f188,0x0000000771380000)
  from space 6144K, 94% used [0x0000000773f00000,0x00000007744b2f68,0x0000000774500000)
  to   space 10752K, 0% used [0x0000000773000000,0x0000000773000000,0x0000000773a80000)
 ParOldGen       total 106496K, used 6552K [0x00000006c2000000, 0x00000006c8800000, 0x000000076b580000)
  object space 106496K, 6% used [0x00000006c2000000,0x00000006c2666330,0x00000006c8800000)
 Metaspace       used 24472K, capacity 25784K, committed 25856K, reserved 1071104K
  class space    used 3060K, capacity 3326K, committed 3328K, reserved 1048576K

Card table byte_map: [0x0000016040740000,0x0000016040f40000] byte_map_base: 0x000001603d130000

Marking Bits: (ParMarkBitMap*) 0x00007ff879be6040
 Begin Bits: [0x0000016041490000, 0x0000016045410000)
 End Bits:   [0x0000016045410000, 0x0000016049390000)

Polling page: 0x0000016031350000

CodeCache: size=245760Kb used=8763Kb max_used=8763Kb free=236996Kb
 bounds [0x0000016031380000, 0x0000016031c20000, 0x0000016040380000]
 total_blobs=2835 nmethods=2467 adapters=288
 compilation: enabled

Compilation events (10 events):
Event: 5.020 Thread 0x000001604a663000 nmethod 2470 0x0000016031c0f510 code [0x0000016031c0f6a0, 0x0000016031c0f9c0]
Event: 5.020 Thread 0x000001604a663000 2471       2       java.lang.Boolean::equals (29 bytes)
Event: 5.020 Thread 0x000001604a663000 nmethod 2471 0x0000016031c0fb90 code [0x0000016031c0fce0, 0x0000016031c0fed8]
Event: 5.022 Thread 0x000001604a663000 2472       1       org.springframework.core.type.StandardClassMetadata::getIntrospectedClass (5 bytes)
Event: 5.022 Thread 0x000001604a663000 nmethod 2472 0x0000016031c0ff90 code [0x0000016031c100e0, 0x0000016031c101f8]
Event: 5.029 Thread 0x000001604a663000 2473       2       org.springframework.core.type.classreading.SimpleMethodMetadata::hashCode (8 bytes)
Event: 5.030 Thread 0x000001604a663000 nmethod 2473 0x0000016031c10250 code [0x0000016031c103c0, 0x0000016031c10550]
Event: 5.030 Thread 0x000001604a663000 2474       2       org.springframework.core.type.classreading.SimpleMethodMetadataReadingVisitor$Source::hashCode (43 bytes)
Event: 5.030 Thread 0x000001604a663000 nmethod 2474 0x0000016031c105d0 code [0x0000016031c10740, 0x0000016031c10970]
Event: 5.115 Thread 0x000001604a663000 2475       2       org.jetbrains.capture.org.objectweb.asm.ClassReader::readUnsignedShort (26 bytes)

GC Heap History (10 events):
Event: 1.857 GC heap before
{Heap before GC invocations=1 (full 0):
 PSYoungGen      total 75776K, used 65024K [0x000000076b580000, 0x0000000770a00000, 0x00000007c0000000)
  eden space 65024K, 100% used [0x000000076b580000,0x000000076f500000,0x000000076f500000)
  from space 10752K, 0% used [0x000000076ff80000,0x000000076ff80000,0x0000000770a00000)
  to   space 10752K, 0% used [0x000000076f500000,0x000000076f500000,0x000000076ff80000)
 ParOldGen       total 173568K, used 0K [0x00000006c2000000, 0x00000006cc980000, 0x000000076b580000)
  object space 173568K, 0% used [0x00000006c2000000,0x00000006c2000000,0x00000006cc980000)
 Metaspace       used 11225K, capacity 11686K, committed 11776K, reserved 1058816K
  class space    used 1330K, capacity 1462K, committed 1536K, reserved 1048576K
Event: 1.869 GC heap after
Heap after GC invocations=1 (full 0):
 PSYoungGen      total 75776K, used 7531K [0x000000076b580000, 0x0000000770a00000, 0x00000007c0000000)
  eden space 65024K, 0% used [0x000000076b580000,0x000000076b580000,0x000000076f500000)
  from space 10752K, 70% used [0x000000076f500000,0x000000076fc5aed0,0x000000076ff80000)
  to   space 10752K, 0% used [0x000000076ff80000,0x000000076ff80000,0x0000000770a00000)
 ParOldGen       total 173568K, used 16K [0x00000006c2000000, 0x00000006cc980000, 0x000000076b580000)
  object space 173568K, 0% used [0x00000006c2000000,0x00000006c2004000,0x00000006cc980000)
 Metaspace       used 11225K, capacity 11686K, committed 11776K, reserved 1058816K
  class space    used 1330K, capacity 1462K, committed 1536K, reserved 1048576K
}
Event: 2.706 GC heap before
{Heap before GC invocations=2 (full 0):
 PSYoungGen      total 75776K, used 72555K [0x000000076b580000, 0x0000000770a00000, 0x00000007c0000000)
  eden space 65024K, 100% used [0x000000076b580000,0x000000076f500000,0x000000076f500000)
  from space 10752K, 70% used [0x000000076f500000,0x000000076fc5aed0,0x000000076ff80000)
  to   space 10752K, 0% used [0x000000076ff80000,0x000000076ff80000,0x0000000770a00000)
 ParOldGen       total 173568K, used 16K [0x00000006c2000000, 0x00000006cc980000, 0x000000076b580000)
  object space 173568K, 0% used [0x00000006c2000000,0x00000006c2004000,0x00000006cc980000)
 Metaspace       used 18177K, capacity 18928K, committed 19072K, reserved 1067008K
  class space    used 2222K, capacity 2395K, committed 2432K, reserved 1048576K
Event: 2.720 GC heap after
Heap after GC invocations=2 (full 0):
 PSYoungGen      total 75776K, used 9510K [0x000000076b580000, 0x0000000774980000, 0x00000007c0000000)
  eden space 65024K, 0% used [0x000000076b580000,0x000000076b580000,0x000000076f500000)
  from space 10752K, 88% used [0x000000076ff80000,0x00000007708c9858,0x0000000770a00000)
  to   space 10752K, 0% used [0x000000076f500000,0x000000076f500000,0x000000076ff80000)
 ParOldGen       total 173568K, used 24K [0x00000006c2000000, 0x00000006cc980000, 0x000000076b580000)
  object space 173568K, 0% used [0x00000006c2000000,0x00000006c2006000,0x00000006cc980000)
 Metaspace       used 18177K, capacity 18928K, committed 19072K, reserved 1067008K
  class space    used 2222K, capacity 2395K, committed 2432K, reserved 1048576K
}
Event: 3.147 GC heap before
{Heap before GC invocations=3 (full 0):
 PSYoungGen      total 75776K, used 37629K [0x000000076b580000, 0x0000000774980000, 0x00000007c0000000)
  eden space 65024K, 43% used [0x000000076b580000,0x000000076d0f5d18,0x000000076f500000)
  from space 10752K, 88% used [0x000000076ff80000,0x00000007708c9858,0x0000000770a00000)
  to   space 10752K, 0% used [0x000000076f500000,0x000000076f500000,0x000000076ff80000)
 ParOldGen       total 173568K, used 24K [0x00000006c2000000, 0x00000006cc980000, 0x000000076b580000)
  object space 173568K, 0% used [0x00000006c2000000,0x00000006c2006000,0x00000006cc980000)
 Metaspace       used 20334K, capacity 21142K, committed 21296K, reserved 1069056K
  class space    used 2503K, capacity 2672K, committed 2688K, reserved 1048576K
Event: 3.154 GC heap after
Heap after GC invocations=3 (full 0):
 PSYoungGen      total 75776K, used 6740K [0x000000076b580000, 0x0000000774980000, 0x00000007c0000000)
  eden space 65024K, 0% used [0x000000076b580000,0x000000076b580000,0x000000076f500000)
  from space 10752K, 62% used [0x000000076f500000,0x000000076fb95118,0x000000076ff80000)
  to   space 10752K, 0% used [0x0000000773f00000,0x0000000773f00000,0x0000000774980000)
 ParOldGen       total 173568K, used 32K [0x00000006c2000000, 0x00000006cc980000, 0x000000076b580000)
  object space 173568K, 0% used [0x00000006c2000000,0x00000006c2008000,0x00000006cc980000)
 Metaspace       used 20334K, capacity 21142K, committed 21296K, reserved 1069056K
  class space    used 2503K, capacity 2672K, committed 2688K, reserved 1048576K
}
Event: 3.154 GC heap before
{Heap before GC invocations=4 (full 1):
 PSYoungGen      total 75776K, used 6740K [0x000000076b580000, 0x0000000774980000, 0x00000007c0000000)
  eden space 65024K, 0% used [0x000000076b580000,0x000000076b580000,0x000000076f500000)
  from space 10752K, 62% used [0x000000076f500000,0x000000076fb95118,0x000000076ff80000)
  to   space 10752K, 0% used [0x0000000773f00000,0x0000000773f00000,0x0000000774980000)
 ParOldGen       total 173568K, used 32K [0x00000006c2000000, 0x00000006cc980000, 0x000000076b580000)
  object space 173568K, 0% used [0x00000006c2000000,0x00000006c2008000,0x00000006cc980000)
 Metaspace       used 20334K, capacity 21142K, committed 21296K, reserved 1069056K
  class space    used 2503K, capacity 2672K, committed 2688K, reserved 1048576K
Event: 3.200 GC heap after
Heap after GC invocations=4 (full 1):
 PSYoungGen      total 75776K, used 0K [0x000000076b580000, 0x0000000774980000, 0x00000007c0000000)
  eden space 65024K, 0% used [0x000000076b580000,0x000000076b580000,0x000000076f500000)
  from space 10752K, 0% used [0x000000076f500000,0x000000076f500000,0x000000076ff80000)
  to   space 10752K, 0% used [0x0000000773f00000,0x0000000773f00000,0x0000000774980000)
 ParOldGen       total 106496K, used 6544K [0x00000006c2000000, 0x00000006c8800000, 0x000000076b580000)
  object space 106496K, 6% used [0x00000006c2000000,0x00000006c2664330,0x00000006c8800000)
 Metaspace       used 20334K, capacity 21142K, committed 21296K, reserved 1069056K
  class space    used 2503K, capacity 2672K, committed 2688K, reserved 1048576K
}
Event: 4.684 GC heap before
{Heap before GC invocations=5 (full 1):
 PSYoungGen      total 75776K, used 65024K [0x000000076b580000, 0x0000000774980000, 0x00000007c0000000)
  eden space 65024K, 100% used [0x000000076b580000,0x000000076f500000,0x000000076f500000)
  from space 10752K, 0% used [0x000000076f500000,0x000000076f500000,0x000000076ff80000)
  to   space 10752K, 0% used [0x0000000773f00000,0x0000000773f00000,0x0000000774980000)
 ParOldGen       total 106496K, used 6544K [0x00000006c2000000, 0x00000006c8800000, 0x000000076b580000)
  object space 106496K, 6% used [0x00000006c2000000,0x00000006c2664330,0x00000006c8800000)
 Metaspace       used 23426K, capacity 24710K, committed 24960K, reserved 1071104K
  class space    used 2923K, capacity 3163K, committed 3200K, reserved 1048576K
Event: 4.707 GC heap after
Heap after GC invocations=5 (full 1):
 PSYoungGen      total 102400K, used 5835K [0x000000076b580000, 0x0000000774500000, 0x00000007c0000000)
  eden space 96256K, 0% used [0x000000076b580000,0x000000076b580000,0x0000000771380000)
  from space 6144K, 94% used [0x0000000773f00000,0x00000007744b2f68,0x0000000774500000)
  to   space 10752K, 0% used [0x0000000773000000,0x0000000773000000,0x0000000773a80000)
 ParOldGen       total 106496K, used 6552K [0x00000006c2000000, 0x00000006c8800000, 0x000000076b580000)
  object space 106496K, 6% used [0x00000006c2000000,0x00000006c2666330,0x00000006c8800000)
 Metaspace       used 23426K, capacity 24710K, committed 24960K, reserved 1071104K
  class space    used 2923K, capacity 3163K, committed 3200K, reserved 1048576K
}

Deoptimization events (10 events):
Event: 3.857 Thread 0x000001604c64c000 Uncommon trap: reason=predicate action=maybe_recompile pc=0x0000016031abcda4 method=java.util.AbstractCollection.toArray([Ljava/lang/Object;)[Ljava/lang/Object; @ 49
Event: 3.928 Thread 0x000001604c64c000 Uncommon trap: reason=class_check action=maybe_recompile pc=0x00000160315c5db0 method=java.lang.String.equals(Ljava/lang/Object;)Z @ 8
Event: 3.928 Thread 0x000001604c64c000 Uncommon trap: reason=class_check action=maybe_recompile pc=0x00000160315c5db0 method=java.lang.String.equals(Ljava/lang/Object;)Z @ 8
Event: 3.928 Thread 0x000001604c64c000 Uncommon trap: reason=class_check action=maybe_recompile pc=0x00000160315c5db0 method=java.lang.String.equals(Ljava/lang/Object;)Z @ 8
Event: 3.930 Thread 0x000001604c64c000 Uncommon trap: reason=unstable_if action=reinterpret pc=0x0000016031ae5c18 method=org.springframework.core.annotation.MergedAnnotationsCollection.isMappingForType(Lorg/springframework/core/annotation/AnnotationTypeMapping;Ljava/lang/Object;)Z @ 13
Event: 3.931 Thread 0x000001604c64c000 Uncommon trap: reason=class_check action=maybe_recompile pc=0x00000160315c5db0 method=java.lang.String.equals(Ljava/lang/Object;)Z @ 8
Event: 4.105 Thread 0x000001604c64c000 Uncommon trap: reason=unstable_if action=reinterpret pc=0x0000016031916e50 method=java.util.Arrays.equals([Ljava/lang/Object;[Ljava/lang/Object;)Z @ 65
Event: 4.511 Thread 0x000001604c64c000 Uncommon trap: reason=class_check action=maybe_recompile pc=0x0000016031aaaf84 method=org.springframework.util.ConcurrentReferenceHashMap$Segment.findInChain(Lorg/springframework/util/ConcurrentReferenceHashMap$Reference;Ljava/lang/Object;I)Lorg/springfra
Event: 4.515 Thread 0x000001604c64c000 Uncommon trap: reason=class_check action=maybe_recompile pc=0x0000016031b04544 method=org.springframework.util.ConcurrentReferenceHashMap$Segment.findInChain(Lorg/springframework/util/ConcurrentReferenceHashMap$Reference;Ljava/lang/Object;I)Lorg/springfra
Event: 5.108 Thread 0x000001604c64c000 Uncommon trap: reason=unstable_if action=reinterpret pc=0x00000160318af57c method=com.intellij.rt.debugger.agent.CaptureAgent$CaptureTransformer.transform(Ljava/lang/ClassLoader;Ljava/lang/String;Ljava/lang/Class;Ljava/security/ProtectionDomain;[B)[B @ 36

Classes redefined (0 events):
No events

Internal exceptions (10 events):
Event: 2.704 Thread 0x000001604c64c000 Exception <a 'java/lang/ClassNotFoundException': org/springframework/beans/factory/BeanClassLoaderAwareCustomizer> (0x000000076f465ec8) thrown at [C:\jenkins\workspace\8-2-build-windows-x64-cygwin-sans-NAS\jdk8u391\514\hotspot\src\share\vm\classfile\syste
Event: 2.706 Thread 0x000001604c64c000 Exception <a 'java/lang/ClassNotFoundException': org/springframework/beans/factory/AwareCustomizer> (0x000000076f47ab90) thrown at [C:\jenkins\workspace\8-2-build-windows-x64-cygwin-sans-NAS\jdk8u391\514\hotspot\src\share\vm\classfile\systemDictionary.cpp
Event: 2.722 Thread 0x000001604c64c000 Exception <a 'java/lang/ClassNotFoundException': org/springframework/context/EnvironmentAwareCustomizer> (0x000000076b58dc40) thrown at [C:\jenkins\workspace\8-2-build-windows-x64-cygwin-sans-NAS\jdk8u391\514\hotspot\src\share\vm\classfile\systemDictionar
Event: 2.723 Thread 0x000001604c64c000 Exception <a 'java/lang/ClassNotFoundException': org/springframework/beans/factory/AwareCustomizer> (0x000000076b5a27e8) thrown at [C:\jenkins\workspace\8-2-build-windows-x64-cygwin-sans-NAS\jdk8u391\514\hotspot\src\share\vm\classfile\systemDictionary.cpp
Event: 2.861 Thread 0x000001604c56c800 Exception <a 'java/lang/IncompatibleClassChangeError': Found class java.lang.Object, but interface was expected> (0x000000076c0129e8) thrown at [C:\jenkins\workspace\8-2-build-windows-x64-cygwin-sans-NAS\jdk8u391\514\hotspot\src\share\vm\interpreter\linkR
Event: 2.932 Thread 0x000001604c64c000 Exception <a 'java/lang/NoSuchMethodError': java.lang.Object.lambda$or$2(Ljava/util/function/Predicate;Ljava/lang/Object;)Z> (0x000000076c3216a0) thrown at [C:\jenkins\workspace\8-2-build-windows-x64-cygwin-sans-NAS\jdk8u391\514\hotspot\src\share\vm\inter
Event: 3.205 Thread 0x000001604c64c000 Exception <a 'java/lang/IncompatibleClassChangeError': Found class java.lang.Object, but interface was expected> (0x000000076b5a5e00) thrown at [C:\jenkins\workspace\8-2-build-windows-x64-cygwin-sans-NAS\jdk8u391\514\hotspot\src\share\vm\interpreter\linkR
Event: 3.282 Thread 0x000001604c64c000 Exception <a 'java/lang/NoSuchMethodError': java.lang.Object.lambda$getAllAnnotationAttributes$0(Lorg/springframework/util/MultiValueMap;)Lorg/springframework/util/MultiValueMap;> (0x000000076b85c418) thrown at [C:\jenkins\workspace\8-2-build-windows-x64-
Event: 3.284 Thread 0x000001604c64c000 Exception <a 'java/lang/NoSuchMethodError': java.lang.Object.lambda$identity$2(Ljava/lang/Object;)Ljava/lang/Object;> (0x000000076b876e90) thrown at [C:\jenkins\workspace\8-2-build-windows-x64-cygwin-sans-NAS\jdk8u391\514\hotspot\src\share\vm\interpreter\
Event: 4.430 Thread 0x000001604c64c000 Exception <a 'java/lang/NoSuchMethodError': java.lang.Object.lambda$getRequiredAttribute$0(Ljava/lang/String;)Ljava/lang/IllegalArgumentException;> (0x000000076ee82030) thrown at [C:\jenkins\workspace\8-2-build-windows-x64-cygwin-sans-NAS\jdk8u391\514\hot

Events (10 events):
Event: 5.111 loading class org/jetbrains/capture/org/objectweb/asm/ClassVisitor done
Event: 5.111 loading class org/jetbrains/capture/org/objectweb/asm/ClassWriter done
Event: 5.112 loading class org/jetbrains/capture/org/objectweb/asm/SymbolTable
Event: 5.113 loading class org/jetbrains/capture/org/objectweb/asm/SymbolTable done
Event: 5.113 loading class org/jetbrains/capture/org/objectweb/asm/ByteVector
Event: 5.113 loading class org/jetbrains/capture/org/objectweb/asm/ByteVector done
Event: 5.113 loading class org/jetbrains/capture/org/objectweb/asm/SymbolTable$Entry
Event: 5.114 loading class org/jetbrains/capture/org/objectweb/asm/Symbol
Event: 5.114 loading class org/jetbrains/capture/org/objectweb/asm/Symbol done
Event: 5.114 loading class org/jetbrains/capture/org/objectweb/asm/SymbolTable$Entry done


Dynamic libraries:
0x00007ff65e7f0000 - 0x00007ff65e83a000 	C:\Program Files\Java\jdk-1.8\bin\java.exe
0x00007ff8b5650000 - 0x00007ff8b5847000 	C:\WINDOWS\SYSTEM32\ntdll.dll
0x00007ff8b36b0000 - 0x00007ff8b376d000 	C:\WINDOWS\System32\KERNEL32.DLL
0x00007ff8b3300000 - 0x00007ff8b35f6000 	C:\WINDOWS\System32\KERNELBASE.dll
0x00007ff8b3a40000 - 0x00007ff8b3aee000 	C:\WINDOWS\System32\ADVAPI32.dll
0x00007ff8b51f0000 - 0x00007ff8b528e000 	C:\WINDOWS\System32\msvcrt.dll
0x00007ff8b3b20000 - 0x00007ff8b3bbc000 	C:\WINDOWS\System32\sechost.dll
0x00007ff8b4580000 - 0x00007ff8b46a6000 	C:\WINDOWS\System32\RPCRT4.dll
0x00007ff8b52c0000 - 0x00007ff8b545e000 	C:\WINDOWS\System32\USER32.dll
0x00007ff8b2f30000 - 0x00007ff8b2f52000 	C:\WINDOWS\System32\win32u.dll
0x00007ff8b3af0000 - 0x00007ff8b3b1c000 	C:\WINDOWS\System32\GDI32.dll
0x00007ff8b30f0000 - 0x00007ff8b320a000 	C:\WINDOWS\System32\gdi32full.dll
0x00007ff8b3210000 - 0x00007ff8b32ad000 	C:\WINDOWS\System32\msvcp_win.dll
0x00007ff8b2da0000 - 0x00007ff8b2ea0000 	C:\WINDOWS\System32\ucrtbase.dll
0x00007ff89bed0000 - 0x00007ff89c16a000 	C:\WINDOWS\WinSxS\amd64_microsoft.windows.common-controls_6595b64144ccf1df_6.0.19041.3570_none_60bb2a3971f3e41a\COMCTL32.dll
0x00007ff8b5290000 - 0x00007ff8b52c0000 	C:\WINDOWS\System32\IMM32.DLL
0x00007ff8ac910000 - 0x00007ff8ac92b000 	C:\Program Files\Java\jdk-1.8\jre\bin\vcruntime140.dll
0x00007ff8aca60000 - 0x00007ff8aca6c000 	C:\Program Files\Java\jdk-1.8\jre\bin\vcruntime140_1.dll
0x00007ff8ac210000 - 0x00007ff8ac29e000 	C:\Program Files\Java\jdk-1.8\jre\bin\msvcp140.dll
0x00007ff8793b0000 - 0x00007ff879c60000 	C:\Program Files\Java\jdk-1.8\jre\bin\server\jvm.dll
0x00007ff8b3a30000 - 0x00007ff8b3a38000 	C:\WINDOWS\System32\PSAPI.DLL
0x00007ff898c00000 - 0x00007ff898c09000 	C:\WINDOWS\SYSTEM32\WSOCK32.dll
0x00007ff8b55a0000 - 0x00007ff8b560b000 	C:\WINDOWS\System32\WS2_32.dll
0x00007ff89f490000 - 0x00007ff89f4b7000 	C:\WINDOWS\SYSTEM32\WINMM.dll
0x00007ff8a3f70000 - 0x00007ff8a3f7a000 	C:\WINDOWS\SYSTEM32\VERSION.dll
0x00007ff8b1590000 - 0x00007ff8b15a2000 	C:\WINDOWS\SYSTEM32\kernel.appcore.dll
0x00007ff8ac4c0000 - 0x00007ff8ac4d0000 	C:\Program Files\Java\jdk-1.8\jre\bin\verify.dll
0x00007ff8ac380000 - 0x00007ff8ac3ab000 	C:\Program Files\Java\jdk-1.8\jre\bin\java.dll
0x00007ff8ac2e0000 - 0x00007ff8ac316000 	C:\Program Files\Java\jdk-1.8\jre\bin\jdwp.dll
0x00007ff8ac4b0000 - 0x00007ff8ac4b9000 	C:\Program Files\Java\jdk-1.8\jre\bin\npt.dll
0x00007ff8989e0000 - 0x00007ff898a14000 	C:\Program Files\Java\jdk-1.8\jre\bin\instrument.dll
0x00007ff8ac2c0000 - 0x00007ff8ac2d8000 	C:\Program Files\Java\jdk-1.8\jre\bin\zip.dll
0x00007ff8b4aa0000 - 0x00007ff8b51e4000 	C:\WINDOWS\System32\SHELL32.dll
0x00007ff8b09c0000 - 0x00007ff8b115b000 	C:\WINDOWS\SYSTEM32\windows.storage.dll
0x00007ff8b46c0000 - 0x00007ff8b4a14000 	C:\WINDOWS\System32\combase.dll
0x00007ff8b26a0000 - 0x00007ff8b26cd000 	C:\WINDOWS\SYSTEM32\Wldp.dll
0x00007ff8b4460000 - 0x00007ff8b450d000 	C:\WINDOWS\System32\SHCORE.dll
0x00007ff8b4520000 - 0x00007ff8b4575000 	C:\WINDOWS\System32\shlwapi.dll
0x00007ff8b2c60000 - 0x00007ff8b2c85000 	C:\WINDOWS\SYSTEM32\profapi.dll
0x00007ff8ac100000 - 0x00007ff8ac10a000 	C:\Program Files\Java\jdk-1.8\jre\bin\dt_socket.dll
0x00007ff8b2400000 - 0x00007ff8b246a000 	C:\WINDOWS\system32\mswsock.dll
0x00007ff8ac0f0000 - 0x00007ff8ac0fd000 	C:\Program Files\Java\jdk-1.8\jre\bin\management.dll
0x00007ff8ab0e0000 - 0x00007ff8ab0fc000 	C:\Program Files\Java\jdk-1.8\jre\bin\net.dll
0x00007ff88fb20000 - 0x00007ff88fb37000 	C:\WINDOWS\system32\napinsp.dll
0x00007ff88fb00000 - 0x00007ff88fb1b000 	C:\WINDOWS\system32\pnrpnsp.dll
0x00007ff8ad180000 - 0x00007ff8ad195000 	C:\WINDOWS\system32\wshbth.dll
0x00007ff8adc10000 - 0x00007ff8adc2d000 	C:\WINDOWS\system32\NLAapi.dll
0x00007ff8b20f0000 - 0x00007ff8b212b000 	C:\WINDOWS\SYSTEM32\IPHLPAPI.DLL
0x00007ff8b2130000 - 0x00007ff8b21fa000 	C:\WINDOWS\SYSTEM32\DNSAPI.dll
0x00007ff8b46b0000 - 0x00007ff8b46b8000 	C:\WINDOWS\System32\NSI.dll
0x00007ff88fae0000 - 0x00007ff88faf2000 	C:\WINDOWS\System32\winrnr.dll
0x00007ff8a9230000 - 0x00007ff8a923a000 	C:\Windows\System32\rasadhlp.dll
0x00007ff8a6040000 - 0x00007ff8a60c2000 	C:\WINDOWS\System32\fwpuclnt.dll
0x00007ff8b30c0000 - 0x00007ff8b30e7000 	C:\WINDOWS\System32\bcrypt.dll
0x00007ff8ab0a0000 - 0x00007ff8ab0b3000 	C:\Program Files\Java\jdk-1.8\jre\bin\nio.dll
0x00007ff8a73b0000 - 0x00007ff8a7594000 	C:\WINDOWS\SYSTEM32\dbghelp.dll
0x00007ff8b2ea0000 - 0x00007ff8b2f22000 	C:\WINDOWS\System32\bcryptPrimitives.dll

VM Arguments:
jvm_args: -agentlib:jdwp=transport=dt_socket,address=127.0.0.1:50835,suspend=y,server=n -javaagent:C:\Users\HARDWI~1\AppData\Local\Temp\captureAgent2342jars\debugger-agent.jar -Dfile.encoding=UTF-8 
java_command: com.ecom_order_service.EcomOrderServiceApplication
java_class_path (initial): C:\Program Files\Java\jdk-1.8\jre\lib\charsets.jar;C:\Program Files\Java\jdk-1.8\jre\lib\deploy.jar;C:\Program Files\Java\jdk-1.8\jre\lib\ext\access-bridge-64.jar;C:\Program Files\Java\jdk-1.8\jre\lib\ext\cldrdata.jar;C:\Program Files\Java\jdk-1.8\jre\lib\ext\dnsns.jar;C:\Program Files\Java\jdk-1.8\jre\lib\ext\jaccess.jar;C:\Program Files\Java\jdk-1.8\jre\lib\ext\jfxrt.jar;C:\Program Files\Java\jdk-1.8\jre\lib\ext\localedata.jar;C:\Program Files\Java\jdk-1.8\jre\lib\ext\nashorn.jar;C:\Program Files\Java\jdk-1.8\jre\lib\ext\sunec.jar;C:\Program Files\Java\jdk-1.8\jre\lib\ext\sunjce_provider.jar;C:\Program Files\Java\jdk-1.8\jre\lib\ext\sunmscapi.jar;C:\Program Files\Java\jdk-1.8\jre\lib\ext\sunpkcs11.jar;C:\Program Files\Java\jdk-1.8\jre\lib\ext\zipfs.jar;C:\Program Files\Java\jdk-1.8\jre\lib\javaws.jar;C:\Program Files\Java\jdk-1.8\jre\lib\jce.jar;C:\Program Files\Java\jdk-1.8\jre\lib\jfr.jar;C:\Program Files\Java\jdk-1.8\jre\lib\jfxswt.jar;C:\Program Files\Java\jdk-1.8\jre\lib\jsse.jar;C:\Program Files\Java\jdk-1.8\jre\lib\management-agent.jar;C:\Program Files\Java\jdk-1.8\jre\lib\plugin.jar;C:\Program Files\Java\jdk-1.8\jre\lib\resources.jar;C:\Program Files\Java\jdk-1.8\jre\lib\rt.jar;C:\Users\Hardwin Software\Documents\Ecomm_app\ecom-order-service\target\classes;C:\Users\Hardwin Software\.m2\repository\org\springframework\boot\spring-boot-starter-data-jpa\2.7.17\spring-boot-starter-data-jpa-2.7.17.jar;C:\Users\Hardwin Software\.m2\repository\org\springframework\boot\spring-boot-starter-aop\2.7.17\spring-boot-starter-aop-2.7.17.jar;C:\Users\Hardwin Software\.m2\repository\org\springframework\spring-aop\5.3.30\spring-aop-5.3.30.jar;C:\Users\Hardwin Software\.m2\repository\org\aspectj\aspectjweaver\1.9.7\aspectjweaver-1.9.7.jar;C:\Users\Hardwin Software\.m2\repository\org\springframework\boot\spring-boot-starter-jdbc\2.7.17\spring-boot-starter-jdbc-2.7.17.jar;C:\Users\Hardwin Software\.m2\repository\com\zaxxer\HikariCP\4.0.3\HikariCP-4.
Launcher Type: SUN_STANDARD

Environment Variables:
JAVA_HOME=C:\Program Files\Java\jdk-1.8
PATH=C:\Program Files (x86)\Common Files\Oracle\Java\javapath;C:\Program Files\OpenLogic\jdk-8.0.392.08-hotspot\bin;C:\WINDOWS\system32;C:\WINDOWS;C:\WINDOWS\System32\Wbem;C:\WINDOWS\System32\WindowsPowerShell\v1.0\;C:\WINDOWS\System32\OpenSSH\;C:\Program Files\Git\cmd;C:\Program Files\apache-maven-3.9.5\bin;C:\Users\Hardwin Software\AppData\Local\Microsoft\WindowsApps;
USERNAME=Hardwin Software
OS=Windows_NT
PROCESSOR_IDENTIFIER=Intel64 Family 6 Model 78 Stepping 3, GenuineIntel



---------------  S Y S T E M  ---------------

OS: Windows 10 , 64 bit Build 19041 (10.0.19041.3570)

CPU:total 4 (initial active 4) (2 cores per cpu, 2 threads per core) family 6 model 78 stepping 3, cmov, cx8, fxsr, mmx, sse, sse2, sse3, ssse3, sse4.1, sse4.2, popcnt, avx, avx2, aes, clmul, erms, 3dnowpref, lzcnt, ht, tsc, tscinvbit, bmi1, bmi2, adx

Memory: 4k page, physical 16638540k(6194264k free), swap 32453320k(6912k free)

vm_info: Java HotSpot(TM) 64-Bit Server VM (25.391-b13) for windows-amd64 JRE (1.8.0_391-b13), built on Oct  4 2023 07:54:08 by "java_re" with MS VC++ 17.1 (VS2022)

time: Tue Nov 14 12:01:43 2023
timezone: India Standard Time
elapsed time: 5.163513 seconds (0d 0h 0m 5s)

